<?xml version="1.0" encoding="UTF-8" ?>
<testsuite tests="4" failures="0" name="pokerBase.Deck_Test" time="0.015" errors="0" skipped="0">
  <properties>
[...]
</properties>
  <testcase classname="pokerBase.Deck_Test" name="DeckGetDeckCards" time="0.01"/>
  <testcase classname="pokerBase.Deck_Test" name="DeckWithJoker" time="0"/>
  <testcase classname="pokerBase.Deck_Test" name="DeckOverWithdrawAndCatchTest" time="0.005"/>
  <testcase classname="pokerBase.Deck_Test" name="DeckOverWithdrawTest" time="0"/>
</testsuite>